Performing C SOURCE FILE Test CMAKE_HAVE_LIBC_PTHREAD failed with the following output:
Change Dir: /home/alexey/CLionProjects/lab4_3.0/cmake-build-debug/CMakeFiles/CMakeTmp

Run Build Command(s):/snap/clion/218/bin/ninja/linux/ninja cmTC_5cda4 && [1/2] Building C object CMakeFiles/cmTC_5cda4.dir/src.c.o
[2/2] Linking C executable cmTC_5cda4
FAILED: cmTC_5cda4 
: && /usr/bin/cc   CMakeFiles/cmTC_5cda4.dir/src.c.o -o cmTC_5cda4   && :
/usr/bin/ld: CMakeFiles/cmTC_5cda4.dir/src.c.o: в функции «main»:
src.c:(.text+0x46): неопределённая ссылка на «pthread_create»
/usr/bin/ld: src.c:(.text+0x52): неопределённая ссылка на «pthread_detach»
/usr/bin/ld: src.c:(.text+0x5e): неопределённая ссылка на «pthread_cancel»
/usr/bin/ld: src.c:(.text+0x6f): неопределённая ссылка на «pthread_join»
collect2: error: ld returned 1 exit status
ninja: build stopped: subcommand failed.


Source file was:
#include <pthread.h>

static void* test_func(void* data)
{
  return data;
}

int main(void)
{
  pthread_t thread;
  pthread_create(&thread, NULL, test_func, NULL);
  pthread_detach(thread);
  pthread_cancel(thread);
  pthread_join(thread, NULL);
  pthread_atfork(NULL, NULL, NULL);
  pthread_exit(NULL);

  return 0;
}

Determining if the function pthread_create exists in the pthreads failed with the following output:
Change Dir: /home/alexey/CLionProjects/lab4_3.0/cmake-build-debug/CMakeFiles/CMakeTmp

Run Build Command(s):/snap/clion/218/bin/ninja/linux/ninja cmTC_e6469 && [1/2] Building C object CMakeFiles/cmTC_e6469.dir/CheckFunctionExists.c.o
[2/2] Linking C executable cmTC_e6469
FAILED: cmTC_e6469 
: && /usr/bin/cc -DCHECK_FUNCTION_EXISTS=pthread_create  CMakeFiles/cmTC_e6469.dir/CheckFunctionExists.c.o -o cmTC_e6469  -lpthreads && :
/usr/bin/ld: невозможно найти -lpthreads
collect2: error: ld returned 1 exit status
ninja: build stopped: subcommand failed.



